app/build/intermediates/manifest_merge_blame_file/debug/manifest-merger-blame-debug-report.txt
1<?xml version="1.0" encoding="utf-8"?>
2<manifest xmlns:android="http://schemas.android.com/apk/res/android"
3    package="com.example.qrcode"
4    android:versionCode="1"
5    android:versionName="1.0" >
6
7    <uses-sdk
8        android:minSdkVersion="24"
9        android:targetSdkVersion="34" />
10
11    <uses-feature
11-->src/main/AndroidManifest.xml:5:5-7:36
12        android:name="android.hardware.camera"
12-->src/main/AndroidManifest.xml:6:9-47
13        android:required="false" />
13-->src/main/AndroidManifest.xml:7:9-33
14
15    <uses-permission android:name="android.permission.CAMERA" />
15-->src/main/AndroidManifest.xml:9:5-65
15-->src/main/AndroidManifest.xml:9:22-62
16
17    <permission
17-->[androidx.core:core:1.12.0] AndroidManifest.xml:22:5-24:47
18        android:name="com.example.qrcode.DYNAMIC_RECEIVER_NOT_EXPORTED_PERMISSION"
18-->[androidx.core:core:1.12.0] AndroidManifest.xml:23:9-81
19        android:protectionLevel="signature" />
19-->[androidx.core:core:1.12.0] AndroidManifest.xml:24:9-44
20
21    <uses-permission android:name="com.example.qrcode.DYNAMIC_RECEIVER_NOT_EXPORTED_PERMISSION" />
21-->[androidx.core:core:1.12.0] AndroidManifest.xml:26:5-97
21-->[androidx.core:core:1.12.0] AndroidManifest.xml:26:22-94
22
23    <application
23-->src/main/AndroidManifest.xml:11:5-30:19
24        android:allowBackup="true"
24-->src/main/AndroidManifest.xml:12:9-35
25        android:appComponentFactory="androidx.core.app.CoreComponentFactory"
25-->[androidx.core:core:1.12.0] AndroidManifest.xml:28:18-86
26        android:dataExtractionRules="@xml/data_extraction_rules"
26-->src/main/AndroidManifest.xml:13:9-65
27        android:debuggable="true"
28        android:extractNativeLibs="false"
29        android:fullBackupContent="@xml/backup_rules"
29-->src/main/AndroidManifest.xml:14:9-54
30        android:icon="@mipmap/ic_launcher"
30-->src/main/AndroidManifest.xml:15:9-43
31        android:label="@string/app_name"
31-->src/main/AndroidManifest.xml:16:9-41
32        android:roundIcon="@mipmap/ic_launcher_round"
32-->src/main/AndroidManifest.xml:17:9-54
33        android:supportsRtl="true"
33-->src/main/AndroidManifest.xml:18:9-35
34        android:theme="@style/Theme.QRMaster" >
34-->src/main/AndroidManifest.xml:19:9-46
35        <activity
35-->src/main/AndroidManifest.xml:21:9-29:20
36            android:name="com.example.qrcode.MainActivity"
36-->src/main/AndroidManifest.xml:22:13-41
37            android:exported="true"
37-->src/main/AndroidManifest.xml:23:13-36
38            android:theme="@style/Theme.QRMaster" >
38-->src/main/AndroidManifest.xml:24:13-50
39            <intent-filter>
39-->src/main/AndroidManifest.xml:25:13-28:29
40                <action android:name="android.intent.action.MAIN" />
40-->src/main/AndroidManifest.xml:26:17-69
40-->src/main/AndroidManifest.xml:26:25-66
41
42                <category android:name="android.intent.category.LAUNCHER" />
42-->src/main/AndroidManifest.xml:27:17-77
42-->src/main/AndroidManifest.xml:27:27-74
43            </intent-filter>
44        </activity>
45
46        <service
46-->[androidx.camera:camera-camera2:1.3.0] AndroidManifest.xml:24:9-33:19
47            android:name="androidx.camera.core.impl.MetadataHolderService"
47-->[androidx.camera:camera-camera2:1.3.0] AndroidManifest.xml:25:13-75
48            android:enabled="false"
48-->[androidx.camera:camera-camera2:1.3.0] AndroidManifest.xml:26:13-36
49            android:exported="false" >
49-->[androidx.camera:camera-camera2:1.3.0] AndroidManifest.xml:27:13-37
50            <meta-data
50-->[androidx.camera:camera-camera2:1.3.0] AndroidManifest.xml:30:13-32:89
51                android:name="androidx.camera.core.impl.MetadataHolderService.DEFAULT_CONFIG_PROVIDER"
51-->[androidx.camera:camera-camera2:1.3.0] AndroidManifest.xml:31:17-103
52                android:value="androidx.camera.camera2.Camera2Config$DefaultProvider" />
52-->[androidx.camera:camera-camera2:1.3.0] AndroidManifest.xml:32:17-86
53        </service>
54
55        <activity
55-->[androidx.compose.ui:ui-tooling-android:1.5.4] AndroidManifest.xml:23:9-25:39
56            android:name="androidx.compose.ui.tooling.PreviewActivity"
56-->[androidx.compose.ui:ui-tooling-android:1.5.4] AndroidManifest.xml:24:13-71
57            android:exported="true" />
57-->[androidx.compose.ui:ui-tooling-android:1.5.4] AndroidManifest.xml:25:13-36
58
59        <provider
59-->[androidx.emoji2:emoji2:1.4.0] AndroidManifest.xml:24:9-32:20
60            android:name="androidx.startup.InitializationProvider"
60-->[androidx.emoji2:emoji2:1.4.0] AndroidManifest.xml:25:13-67
61            android:authorities="com.example.qrcode.androidx-startup"
61-->[androidx.emoji2:emoji2:1.4.0] AndroidManifest.xml:26:13-68
62            android:exported="false" >
62-->[androidx.emoji2:emoji2:1.4.0] AndroidManifest.xml:27:13-37
63            <meta-data
63-->[androidx.emoji2:emoji2:1.4.0] AndroidManifest.xml:29:13-31:52
64                android:name="androidx.emoji2.text.EmojiCompatInitializer"
64-->[androidx.emoji2:emoji2:1.4.0] AndroidManifest.xml:30:17-75
65                android:value="androidx.startup" />
65-->[androidx.emoji2:emoji2:1.4.0] AndroidManifest.xml:31:17-49
66            <meta-data
66-->[androidx.lifecycle:lifecycle-process:2.6.2] AndroidManifest.xml:29:13-31:52
67                android:name="androidx.lifecycle.ProcessLifecycleInitializer"
67-->[androidx.lifecycle:lifecycle-process:2.6.2] AndroidManifest.xml:30:17-78
68                android:value="androidx.startup" />
68-->[androidx.lifecycle:lifecycle-process:2.6.2] AndroidManifest.xml:31:17-49
69            <meta-data
69-->[androidx.profileinstaller:profileinstaller:1.3.0] AndroidManifest.xml:29:13-31:52
70                android:name="androidx.profileinstaller.ProfileInstallerInitializer"
70-->[androidx.profileinstaller:profileinstaller:1.3.0] AndroidManifest.xml:30:17-85
71                android:value="androidx.startup" />
71-->[androidx.profileinstaller:profileinstaller:1.3.0] AndroidManifest.xml:31:17-49
72        </provider>
73
74        <receiver
74-->[androidx.profileinstaller:profileinstaller:1.3.0] AndroidManifest.xml:34:9-52:20
75            android:name="androidx.profileinstaller.ProfileInstallReceiver"
75-->[androidx.profileinstaller:profileinstaller:1.3.0] AndroidManifest.xml:35:13-76
76            android:directBootAware="false"
76-->[androidx.profileinstaller:profileinstaller:1.3.0] AndroidManifest.xml:36:13-44
77            android:enabled="true"
77-->[androidx.profileinstaller:profileinstaller:1.3.0] AndroidManifest.xml:37:13-35
78            android:exported="true"
78-->[androidx.profileinstaller:profileinstaller:1.3.0] AndroidManifest.xml:38:13-36
79            android:permission="android.permission.DUMP" >
79-->[androidx.profileinstaller:profileinstaller:1.3.0] AndroidManifest.xml:39:13-57
80            <intent-filter>
80-->[androidx.profileinstaller:profileinstaller:1.3.0] AndroidManifest.xml:40:13-42:29
81                <action android:name="androidx.profileinstaller.action.INSTALL_PROFILE" />
81-->[androidx.profileinstaller:profileinstaller:1.3.0] AndroidManifest.xml:41:17-91
81-->[androidx.profileinstaller:profileinstaller:1.3.0] AndroidManifest.xml:41:25-88
82            </intent-filter>
83            <intent-filter>
83-->[androidx.profileinstaller:profileinstaller:1.3.0] AndroidManifest.xml:43:13-45:29
84                <action android:name="androidx.profileinstaller.action.SKIP_FILE" />
84-->[androidx.profileinstaller:profileinstaller:1.3.0] AndroidManifest.xml:44:17-85
84-->[androidx.profileinstaller:profileinstaller:1.3.0] AndroidManifest.xml:44:25-82
85            </intent-filter>
86            <intent-filter>
86-->[androidx.profileinstaller:profileinstaller:1.3.0] AndroidManifest.xml:46:13-48:29
87                <action android:name="androidx.profileinstaller.action.SAVE_PROFILE" />
87-->[androidx.profileinstaller:profileinstaller:1.3.0] AndroidManifest.xml:47:17-88
87-->[androidx.profileinstaller:profileinstaller:1.3.0] AndroidManifest.xml:47:25-85
88            </intent-filter>
89            <intent-filter>
89-->[androidx.profileinstaller:profileinstaller:1.3.0] AndroidManifest.xml:49:13-51:29
90                <action android:name="androidx.profileinstaller.action.BENCHMARK_OPERATION" />
90-->[androidx.profileinstaller:profileinstaller:1.3.0] AndroidManifest.xml:50:17-95
90-->[androidx.profileinstaller:profileinstaller:1.3.0] AndroidManifest.xml:50:25-92
91            </intent-filter>
92        </receiver>
93    </application>
94
95</manifest>